<?xml version="1.0" encoding="UTF-8"?>
<!-- Generated by org.testng.reporters.JUnitReportReporter -->
<testsuite hostname="INBOOK_X2" failures="0" tests="1" name="com.comcast.crm.orgtest.CreateOrgTest" time="28.601" errors="0" timestamp="2025-05-28T21:19:50 IST" skipped="0">
  <testcase classname="com.comcast.crm.orgtest.CreateOrgTest" name="CreateOrganization" time="28.601"/>
</testsuite> <!-- com.comcast.crm.orgtest.CreateOrgTest -->
