<?xml version="1.0" encoding="UTF-8"?>
<!-- Generated by org.testng.reporters.JUnitReportReporter -->
<testsuite hostname="INBOOK_X2" failures="0" tests="1" name="extra.Demo1" time="8.839" errors="0" timestamp="2025-05-28T00:28:20 IST" skipped="0">
  <testcase classname="extra.Demo1" name="add" time="8.839">
    <system-out>
      <![CDATA[hi john]]>
    </system-out>
  </testcase> <!-- add -->
  <system-out>
    <![CDATA[hi john
hy ram]]>
  </system-out>
</testsuite> <!-- extra.Demo1 -->
