<?xml version="1.0" encoding="UTF-8"?>
<!-- Generated by org.testng.reporters.JUnitReportReporter -->
<testsuite hostname="INBOOK_X2" failures="0" tests="1" name="com.comcast.crm.productstest.CreateProductsTest" time="104.384" errors="0" timestamp="2025-06-17T19:18:05 IST" skipped="0">
  <testcase classname="com.comcast.crm.productstest.CreateProductsTest" name="CreateProducts" time="104.384"/>
</testsuite> <!-- com.comcast.crm.productstest.CreateProductsTest -->
