<?xml version="1.0" encoding="UTF-8"?>
<!-- Generated by org.testng.reporters.JUnitReportReporter -->
<testsuite hostname="INBOOK_X2" failures="0" tests="1" name="extra.Demo3" time="9.745" errors="0" timestamp="2025-05-28T00:28:20 IST" skipped="0">
  <testcase classname="extra.Demo3" name="sub" time="9.745">
    <system-out>
      <![CDATA[hy ram]]>
    </system-out>
  </testcase> <!-- sub -->
  <system-out>
    <![CDATA[hi john
hy ram]]>
  </system-out>
</testsuite> <!-- extra.Demo3 -->
