<?xml version="1.0" encoding="UTF-8"?>
<!-- Generated by org.testng.reporters.JUnitReportReporter -->
<testsuite hostname="INBOOK_X2" failures="0" tests="1" name="com.comcast.crm.contacttest.CreateContactTest" time="85.147" errors="0" timestamp="2025-05-27T20:08:34 IST" skipped="0">
  <testcase classname="com.comcast.crm.contacttest.CreateContactTest" name="CreateContactTest" time="85.147"/>
</testsuite> <!-- com.comcast.crm.contacttest.CreateContactTest -->
