<?xml version="1.0" encoding="UTF-8"?>
<!-- Generated by org.testng.reporters.JUnitReportReporter -->
<testsuite hostname="INBOOK_X2" failures="0" tests="2" name="com.comcast.crm.moretest.AddMoreTest" time="84.338" errors="0" timestamp="2025-06-03T00:31:16 IST" skipped="0">
  <testcase classname="com.comcast.crm.moretest.AddMoreTest" name="AddMore" time="41.533"/>
  <testcase classname="com.comcast.crm.moretest.AddMoreTest" name="AddMore" time="42.805"/>
</testsuite> <!-- com.comcast.crm.moretest.AddMoreTest -->
