<?xml version="1.0" encoding="UTF-8"?>
<!-- Generated by org.testng.reporters.JUnitReportReporter -->
<testsuite hostname="INBOOK_X2" failures="0" tests="2" name="com.comcast.crm.orgtest.CreateOrgTest" time="79.429" errors="0" timestamp="2025-06-03T00:31:16 IST" skipped="0">
  <testcase classname="com.comcast.crm.orgtest.CreateOrgTest" name="CreateOrganization" time="42.868"/>
  <testcase classname="com.comcast.crm.orgtest.CreateOrgTest" name="CreateOrganization" time="36.561"/>
</testsuite> <!-- com.comcast.crm.orgtest.CreateOrgTest -->
