<?xml version="1.0" encoding="UTF-8"?>
<!-- Generated by org.testng.reporters.JUnitReportReporter -->
<testsuite hostname="INBOOK_X2" failures="0" tests="2" name="com.comcast.crm.productstest.CreateProductsTest" time="78.233" errors="0" timestamp="2025-06-03T00:31:16 IST" skipped="0">
  <testcase classname="com.comcast.crm.productstest.CreateProductsTest" name="CreateProducts" time="39.082"/>
  <testcase classname="com.comcast.crm.productstest.CreateProductsTest" name="CreateProducts" time="39.151"/>
</testsuite> <!-- com.comcast.crm.productstest.CreateProductsTest -->
