<?xml version="1.0" encoding="UTF-8"?>
<!-- Generated by org.testng.reporters.JUnitReportReporter -->
<testsuite hostname="INBOOK_X2" failures="0" tests="1" name="com.comcast.crm.worldclocktest.WorldClockTest" time="18.955" errors="0" timestamp="2025-05-31T18:54:47 IST" skipped="0">
  <testcase classname="com.comcast.crm.worldclocktest.WorldClockTest" name="WorldClock" time="18.955"/>
</testsuite> <!-- com.comcast.crm.worldclocktest.WorldClockTest -->
