<?xml version="1.0" encoding="UTF-8"?>
<!-- Generated by org.testng.reporters.JUnitReportReporter -->
<testsuite hostname="INBOOK_X2" failures="0" tests="2" name="com.comcast.crm.documentstest.CreateDocumentsTest" time="76.851" errors="0" timestamp="2025-06-03T00:31:16 IST" skipped="0">
  <testcase classname="com.comcast.crm.documentstest.CreateDocumentsTest" name="CreateDocuments" time="37.697"/>
  <testcase classname="com.comcast.crm.documentstest.CreateDocumentsTest" name="CreateDocuments" time="39.154"/>
</testsuite> <!-- com.comcast.crm.documentstest.CreateDocumentsTest -->
