<?xml version="1.0" encoding="UTF-8"?>
<!-- Generated by org.testng.reporters.JUnitReportReporter -->
<testsuite hostname="INBOOK_X2" failures="0" tests="1" name="extra.AdvanceReporting" time="0.042" errors="0" timestamp="2025-06-17T20:55:57 IST" skipped="0">
  <testcase classname="extra.AdvanceReporting" name="extentTest1" time="0.042"/>
</testsuite> <!-- extra.AdvanceReporting -->
