<?xml version="1.0" encoding="UTF-8"?>
<!-- Generated by org.testng.reporters.JUnitReportReporter -->
<testsuite hostname="INBOOK_X2" failures="0" tests="1" name="extra.Demo" time="1.803" errors="0" timestamp="2025-05-25T13:16:34 IST" skipped="0">
  <testcase classname="extra.Demo" name="main" time="1.803"/>
</testsuite> <!-- extra.Demo -->
