<?xml version="1.0" encoding="UTF-8"?>
<!-- Generated by org.testng.reporters.JUnitReportReporter -->
<testsuite hostname="INBOOK_X2" failures="0" tests="2" name="com.comcast.crm.opportunitiestest.CreateOpportunitiesTest" time="90.016" errors="0" timestamp="2025-06-03T00:31:16 IST" skipped="0">
  <testcase classname="com.comcast.crm.opportunitiestest.CreateOpportunitiesTest" name="CreateOpportunities" time="44.772"/>
  <testcase classname="com.comcast.crm.opportunitiestest.CreateOpportunitiesTest" name="CreateOpportunities" time="45.244"/>
</testsuite> <!-- com.comcast.crm.opportunitiestest.CreateOpportunitiesTest -->
