<?xml version="1.0" encoding="UTF-8"?>
<!-- Generated by org.testng.reporters.JUnitReportReporter -->
<testsuite hostname="INBOOK_X2" failures="0" tests="2" name="com.comcast.crm.calendartest.CreatCalendarTest" time="100.666" errors="0" timestamp="2025-06-03T00:31:16 IST" skipped="0">
  <testcase classname="com.comcast.crm.calendartest.CreatCalendarTest" name="CreateCalendar" time="50.517"/>
  <testcase classname="com.comcast.crm.calendartest.CreatCalendarTest" name="CreateCalendar" time="50.149"/>
</testsuite> <!-- com.comcast.crm.calendartest.CreatCalendarTest -->
