<?xml version="1.0" encoding="UTF-8"?>
<!-- Generated by org.testng.reporters.JUnitReportReporter -->
<testsuite hostname="INBOOK_X2" failures="0" tests="3" name="extra.Demo4" time="0.032" errors="0" timestamp="2025-05-28T00:16:47 IST" skipped="0">
  <testcase classname="extra.Demo4" name="case2" time="0.022">
    <system-out>
      <![CDATA[regration group]]>
    </system-out>
  </testcase> <!-- case2 -->
  <testcase classname="extra.Demo4" name="case3" time="0.002">
    <system-out>
      <![CDATA[regration group]]>
    </system-out>
  </testcase> <!-- case3 -->
  <testcase classname="extra.Demo4" name="case5" time="0.008">
    <system-out>
      <![CDATA[regration group]]>
    </system-out>
  </testcase> <!-- case5 -->
  <system-out>
    <![CDATA[regration group
regration group
regration group]]>
  </system-out>
</testsuite> <!-- extra.Demo4 -->
