<?xml version="1.0" encoding="UTF-8"?>
<!-- Generated by org.testng.reporters.JUnitReportReporter -->
<testsuite hostname="INBOOK_X2" failures="0" tests="2" name="com.comcast.crm.troubleticketstest.GenerateTroubleTicketsTest" time="74.493" errors="0" timestamp="2025-06-03T00:31:16 IST" skipped="0">
  <testcase classname="com.comcast.crm.troubleticketstest.GenerateTroubleTicketsTest" name="TroubleTickets" time="37.923"/>
  <testcase classname="com.comcast.crm.troubleticketstest.GenerateTroubleTicketsTest" name="TroubleTickets" time="36.570"/>
</testsuite> <!-- com.comcast.crm.troubleticketstest.GenerateTroubleTicketsTest -->
